2024-05-15 22:08:40,921 : INFO : Start of Training
2024-05-15 22:08:40,921 : INFO : Run_id:2024-05-15_220840_6f56428646a44832
2024-05-15 22:08:40,921 : INFO : Start of Data Load, validation, and transformation
2024-05-15 22:08:40,923 : INFO : End of Archiving Old Files...
2024-05-15 22:08:40,923 : INFO : Start of Reading values From Schema...
2024-05-15 22:08:40,924 : INFO : End of Reading values From Schema...
2024-05-15 22:08:40,924 : INFO : Start of Validating Column Length...
2024-05-15 22:08:40,946 : INFO : End of Validating Column Length...
2024-05-15 22:08:40,946 : INFO : Start of Validating Missing Values...
2024-05-15 22:08:40,971 : INFO : End of Validating Missing Values...
2024-05-15 22:08:40,972 : INFO : Start of Replacing Missing Values with NULL...
2024-05-15 22:08:41,057 : INFO : hr_employee_churn_data.csv: File Transformed successfully!!
2024-05-15 22:08:41,057 : INFO : End of Replacing Missing Values with NULL...
2024-05-15 22:08:41,058 : INFO : Start of Creating Table...
2024-05-15 22:08:41,059 : INFO : Opened training database successfully
2024-05-15 22:08:41,060 : INFO : Tables created successfully
2024-05-15 22:08:41,060 : INFO : Closed training database successfully
2024-05-15 22:08:41,060 : INFO : End of Creating Table...
2024-05-15 22:08:41,060 : INFO : Opened training database successfully
2024-05-15 22:08:41,060 : INFO : Start of Inserting Data into Table...
2024-05-15 22:09:57,949 : INFO : End of Inserting Data into Table...
2024-05-15 22:09:57,949 : INFO : Start of Exporting Data into CSV...
2024-05-15 22:09:57,951 : INFO : Opened training database successfully
2024-05-15 22:09:58,344 : INFO : End of Exporting Data into CSV...
2024-05-15 22:09:58,353 : INFO : Start of Moving Processed Files...
2024-05-15 22:09:58,354 : INFO : Moved the already processed file hr_employee_churn_data.csv
2024-05-15 22:09:58,354 : INFO : End of Moving Processed Files...
2024-05-15 22:09:58,354 : INFO : Successful End of Data Load, validation, and transformation
2024-05-15 22:09:58,354 : INFO : Start of Preprocessing...
2024-05-15 22:09:58,355 : INFO : Start of reading dataset...
2024-05-15 22:09:58,413 : INFO : End of reading dataset...
2024-05-15 22:09:58,413 : INFO : Start of Dropping Columns...
2024-05-15 22:09:58,424 : INFO : End of Dropping Columns...
2024-05-15 22:09:58,425 : INFO : Start of feature encoding...
2024-05-15 22:09:58,436 : INFO : End of feature encoding...
2024-05-15 22:09:58,439 : INFO : Start of Dropping Columns...
2024-05-15 22:09:58,442 : INFO : End of Dropping Columns...
2024-05-15 22:09:58,442 : INFO : Start of finding missing values...
2024-05-15 22:09:58,448 : INFO : End of finding missing values...
2024-05-15 22:09:58,448 : INFO : Start of imputing missing values...
2024-05-15 22:09:58,535 : INFO : End of imputing missing values...
2024-05-15 22:09:58,536 : INFO : Start of splitting features and label...
2024-05-15 22:09:58,539 : INFO : End of splitting features and label...
2024-05-15 22:09:58,539 : INFO : End of Preprocessing...
2024-05-15 22:09:58,540 : INFO : Start of elbow plotting...
2024-05-15 22:10:01,070 : INFO : The optimum number of clusters is: 3
2024-05-15 22:10:01,070 : INFO : End of elbow plotting...
2024-05-15 22:10:01,070 : INFO : Start of creating clusters...
2024-05-15 22:10:01,115 : INFO : Start of saving model...
2024-05-15 22:10:01,115 : INFO : Start of saving model...
2024-05-15 22:10:01,117 : INFO : Model "KMeans" saved successfully.
2024-05-15 22:10:01,117 : INFO : Model "KMeans" saved successfully.
2024-05-15 22:10:01,118 : INFO : End of saving model...
2024-05-15 22:10:01,118 : INFO : End of saving model...
2024-05-15 22:10:01,120 : INFO : Successfully created 3 clusters.
2024-05-15 22:10:01,120 : INFO : End of creating clusters...
2024-05-15 22:10:01,133 : INFO : Start of finding best model...
2024-05-15 22:10:01,134 : INFO : Start of finding best params for XGBoost...
2024-05-15 22:11:15,761 : INFO : XGBoost best params: {'learning_rate': 0.5, 'max_depth': 5, 'n_estimators': 200}
2024-05-15 22:11:15,761 : INFO : End of finding best params for XGBoost algo...
2024-05-15 22:11:15,783 : INFO : AUC for XGBoost: 1.0
2024-05-15 22:11:15,783 : INFO : Start of finding best params for Random Forest...
2024-05-15 22:11:43,739 : INFO : Random Forest best params: {'criterion': 'entropy', 'max_depth': 3, 'max_features': 'log2', 'n_estimators': 130}
2024-05-15 22:11:43,740 : INFO : End of finding best params for Random Forest...
2024-05-15 22:11:43,765 : INFO : AUC for Random Forest: 0.9703198115172074
2024-05-15 22:11:43,765 : INFO : End of finding best model...
2024-05-15 22:11:43,765 : INFO : Start of saving model...
2024-05-15 22:11:43,765 : INFO : Start of saving model...
2024-05-15 22:11:43,774 : INFO : Model "XGBoost1" saved successfully.
2024-05-15 22:11:43,774 : INFO : Model "XGBoost1" saved successfully.
2024-05-15 22:11:43,774 : INFO : End of saving model...
2024-05-15 22:11:43,774 : INFO : End of saving model...
2024-05-15 22:11:43,787 : INFO : Start of finding best model...
2024-05-15 22:11:43,788 : INFO : Start of finding best params for XGBoost...
2024-05-15 22:12:52,471 : INFO : XGBoost best params: {'learning_rate': 0.5, 'max_depth': 10, 'n_estimators': 50}
2024-05-15 22:12:52,471 : INFO : End of finding best params for XGBoost algo...
2024-05-15 22:12:52,485 : INFO : AUC for XGBoost: 1.0
2024-05-15 22:12:52,486 : INFO : Start of finding best params for Random Forest...
2024-05-15 22:13:17,658 : INFO : Random Forest best params: {'criterion': 'gini', 'max_depth': 3, 'max_features': 'log2', 'n_estimators': 130}
2024-05-15 22:13:17,658 : INFO : End of finding best params for Random Forest...
2024-05-15 22:13:17,686 : INFO : AUC for Random Forest: 0.9511670535352419
2024-05-15 22:13:17,687 : INFO : End of finding best model...
2024-05-15 22:13:17,687 : INFO : Start of saving model...
2024-05-15 22:13:17,687 : INFO : Start of saving model...
2024-05-15 22:13:17,692 : INFO : Model "XGBoost2" saved successfully.
2024-05-15 22:13:17,692 : INFO : Model "XGBoost2" saved successfully.
2024-05-15 22:13:17,692 : INFO : End of saving model...
2024-05-15 22:13:17,692 : INFO : End of saving model...
2024-05-15 22:13:17,704 : INFO : Start of finding best model...
2024-05-15 22:13:17,705 : INFO : Start of finding best params for XGBoost...
2024-05-15 22:14:23,709 : INFO : XGBoost best params: {'learning_rate': 0.5, 'max_depth': 20, 'n_estimators': 50}
2024-05-15 22:14:23,709 : INFO : End of finding best params for XGBoost algo...
2024-05-15 22:14:23,723 : INFO : AUC for XGBoost: 1.0
2024-05-15 22:14:23,723 : INFO : Start of finding best params for Random Forest...
2024-05-15 22:14:46,448 : INFO : Random Forest best params: {'criterion': 'entropy', 'max_depth': 3, 'max_features': 'log2', 'n_estimators': 50}
2024-05-15 22:14:46,448 : INFO : End of finding best params for Random Forest...
2024-05-15 22:14:46,459 : INFO : AUC for Random Forest: 0.8297136976592915
2024-05-15 22:14:46,459 : INFO : End of finding best model...
2024-05-15 22:14:46,459 : INFO : Start of saving model...
2024-05-15 22:14:46,459 : INFO : Start of saving model...
2024-05-15 22:14:46,463 : INFO : Model "XGBoost0" saved successfully.
2024-05-15 22:14:46,463 : INFO : Model "XGBoost0" saved successfully.
2024-05-15 22:14:46,463 : INFO : End of saving model...
2024-05-15 22:14:46,463 : INFO : End of saving model...
2024-05-15 22:14:46,463 : INFO : End of Training
