2024-05-18 00:44:11,719 : INFO : Start of Prediction
2024-05-18 00:44:11,719 : INFO : run_id:2024-05-18_004411_752e65643159ea1c
2024-05-18 00:44:11,719 : INFO : Start of Preprocessing...
2024-05-18 00:44:11,719 : INFO : Start of feature encoding...
2024-05-18 00:44:11,728 : INFO : End of feature encoding...
2024-05-18 00:44:11,731 : INFO : Start of Dropping Columns...
2024-05-18 00:44:11,734 : INFO : End of Dropping Columns...
2024-05-18 00:44:11,734 : INFO : Start of finding missing values...
2024-05-18 00:44:11,735 : INFO : End of finding missing values...
2024-05-18 00:44:11,735 : INFO : Start of building final prediction set...
2024-05-18 00:44:11,755 : INFO : End of building final prediction set...
2024-05-18 00:44:11,755 : INFO : End of Preprocessing...
2024-05-18 00:44:11,755 : INFO : Start of Load Model
2024-05-18 00:44:11,761 : INFO : Model File KMeans loaded
2024-05-18 00:44:11,762 : INFO : End of Load Model
2024-05-18 00:44:11,763 : ERROR : Unsuccessful End of Prediction
Traceback (most recent call last):
  File "C:\Users\UKASHI\PycharmProjects\employee_attrition\apps\prediction\predict_model.py", line 122, in single_predict_from_model
    clusters = kmeans.predict(self.X.drop(['empid'], axis=1))
  File "C:\Users\UKASHI\PycharmProjects\employee_attrition\venv\lib\site-packages\sklearn\cluster\_kmeans.py", line 1100, in predict
    X = self._check_test_data(X)
  File "C:\Users\UKASHI\PycharmProjects\employee_attrition\venv\lib\site-packages\sklearn\cluster\_kmeans.py", line 952, in _check_test_data
    X = self._validate_data(
  File "C:\Users\UKASHI\PycharmProjects\employee_attrition\venv\lib\site-packages\sklearn\base.py", line 608, in _validate_data
    self._check_feature_names(X, reset=reset)
  File "C:\Users\UKASHI\PycharmProjects\employee_attrition\venv\lib\site-packages\sklearn\base.py", line 535, in _check_feature_names
    raise ValueError(message)
ValueError: The feature names should match those that were passed during fit.
Feature names unseen at fit time:
- average_monthly_hours
- work_accident

