2024-05-20 12:19:02,444 : INFO : Start of Prediction
2024-05-20 12:19:02,444 : INFO : run_id:2024-05-20_121902_7561bbbe0d4eaf18
2024-05-20 12:19:02,444 : INFO : Start of Preprocessing...
2024-05-20 12:19:02,444 : INFO : Start of feature encoding...
2024-05-20 12:19:02,445 : INFO : End of feature encoding...
2024-05-20 12:19:02,446 : INFO : Start of Dropping Columns...
2024-05-20 12:19:02,447 : INFO : End of Dropping Columns...
2024-05-20 12:19:02,447 : INFO : Start of finding missing values...
2024-05-20 12:19:02,448 : INFO : End of finding missing values...
2024-05-20 12:19:02,448 : INFO : Start of building final prediction set...
2024-05-20 12:19:02,455 : INFO : End of building final prediction set...
2024-05-20 12:19:02,456 : INFO : End of Preprocessing...
2024-05-20 12:19:02,456 : INFO : Start of Load Model
2024-05-20 12:19:02,456 : INFO : Model File KMeans loaded
2024-05-20 12:19:02,456 : INFO : End of Load Model
2024-05-20 12:19:02,516 : INFO : clusters loop started
2024-05-20 12:19:02,518 : INFO : Start of finding correct model
2024-05-20 12:19:02,519 : INFO : End of finding correct model
2024-05-20 12:19:02,519 : INFO : Start of Load Model
2024-05-20 12:19:02,519 : INFO : Model File XGBoost1 loaded
2024-05-20 12:19:02,519 : INFO : End of Load Model
2024-05-20 12:19:02,529 : INFO : Shape of Data (1, 9)
2024-05-20 12:19:02,545 : INFO : Shape of Data None
2024-05-20 12:19:02,552 : INFO : Output : [1]
2024-05-20 12:19:02,552 : INFO : End of Prediction
