2024-05-18 00:50:26,100 : INFO : Start of Prediction
2024-05-18 00:50:26,101 : INFO : run_id:2024-05-18_005026_1fba7fce8f8d75ba
2024-05-18 00:50:26,101 : INFO : Start of Preprocessing...
2024-05-18 00:50:26,101 : INFO : Start of feature encoding...
2024-05-18 00:50:26,103 : INFO : End of feature encoding...
2024-05-18 00:50:26,104 : INFO : Start of Dropping Columns...
2024-05-18 00:50:26,104 : INFO : End of Dropping Columns...
2024-05-18 00:50:26,105 : INFO : Start of finding missing values...
2024-05-18 00:50:26,105 : INFO : End of finding missing values...
2024-05-18 00:50:26,106 : INFO : Start of building final prediction set...
2024-05-18 00:50:26,110 : INFO : End of building final prediction set...
2024-05-18 00:50:26,110 : INFO : End of Preprocessing...
2024-05-18 00:50:26,111 : INFO : Start of Load Model
2024-05-18 00:50:26,111 : INFO : Model File KMeans loaded
2024-05-18 00:50:26,111 : INFO : End of Load Model
2024-05-18 00:50:26,221 : INFO : clusters loop started
2024-05-18 00:50:26,222 : INFO : Start of finding correct model
2024-05-18 00:50:26,222 : INFO : End of finding correct model
2024-05-18 00:50:26,222 : INFO : Start of Load Model
2024-05-18 00:50:26,228 : INFO : Model File XGBoost1 loaded
2024-05-18 00:50:26,228 : INFO : End of Load Model
2024-05-18 00:50:26,291 : INFO : Shape of Data (1, 9)
2024-05-18 00:50:26,309 : INFO : Shape of Data None
2024-05-18 00:50:26,320 : INFO : Output : [1]
2024-05-18 00:50:26,320 : INFO : End of Prediction
