2024-05-20 12:22:24,382 : INFO : Start of Prediction
2024-05-20 12:22:24,382 : INFO : run_id:2024-05-20_122224_bfc8010060c1b3a4
2024-05-20 12:22:24,382 : INFO : Start of Preprocessing...
2024-05-20 12:22:24,382 : INFO : Start of feature encoding...
2024-05-20 12:22:24,383 : INFO : End of feature encoding...
2024-05-20 12:22:24,384 : INFO : Start of Dropping Columns...
2024-05-20 12:22:24,385 : INFO : End of Dropping Columns...
2024-05-20 12:22:24,385 : INFO : Start of finding missing values...
2024-05-20 12:22:24,386 : INFO : End of finding missing values...
2024-05-20 12:22:24,386 : INFO : Start of building final prediction set...
2024-05-20 12:22:24,391 : INFO : End of building final prediction set...
2024-05-20 12:22:24,391 : INFO : End of Preprocessing...
2024-05-20 12:22:24,391 : INFO : Start of Load Model
2024-05-20 12:22:24,391 : INFO : Model File KMeans loaded
2024-05-20 12:22:24,391 : INFO : End of Load Model
2024-05-20 12:22:24,452 : INFO : clusters loop started
2024-05-20 12:22:24,454 : INFO : Start of finding correct model
2024-05-20 12:22:24,455 : INFO : End of finding correct model
2024-05-20 12:22:24,456 : INFO : Start of Load Model
2024-05-20 12:22:24,456 : INFO : Model File XGBoost2 loaded
2024-05-20 12:22:24,456 : INFO : End of Load Model
2024-05-20 12:22:24,461 : INFO : Shape of Data (1, 9)
2024-05-20 12:22:24,476 : INFO : Shape of Data None
2024-05-20 12:22:24,485 : INFO : Output : [1]
2024-05-20 12:22:24,485 : INFO : End of Prediction
