2024-05-20 12:27:55,656 : INFO : Start of Prediction
2024-05-20 12:27:55,656 : INFO : run_id:2024-05-20_122755_fb6ee221f22dc919
2024-05-20 12:27:55,656 : INFO : Start of Preprocessing...
2024-05-20 12:27:55,656 : INFO : Start of feature encoding...
2024-05-20 12:27:55,658 : INFO : End of feature encoding...
2024-05-20 12:27:55,659 : INFO : Start of Dropping Columns...
2024-05-20 12:27:55,662 : INFO : End of Dropping Columns...
2024-05-20 12:27:55,662 : INFO : Start of finding missing values...
2024-05-20 12:27:55,665 : INFO : End of finding missing values...
2024-05-20 12:27:55,667 : INFO : Start of building final prediction set...
2024-05-20 12:27:55,670 : INFO : End of building final prediction set...
2024-05-20 12:27:55,670 : INFO : End of Preprocessing...
2024-05-20 12:27:55,670 : INFO : Start of Load Model
2024-05-20 12:27:55,670 : INFO : Model File KMeans loaded
2024-05-20 12:27:55,671 : INFO : End of Load Model
2024-05-20 12:27:55,829 : INFO : clusters loop started
2024-05-20 12:27:55,831 : INFO : Start of finding correct model
2024-05-20 12:27:55,832 : INFO : End of finding correct model
2024-05-20 12:27:55,832 : INFO : Start of Load Model
2024-05-20 12:27:55,832 : INFO : Model File XGBoost2 loaded
2024-05-20 12:27:55,832 : INFO : End of Load Model
2024-05-20 12:27:55,895 : INFO : Shape of Data (1, 9)
2024-05-20 12:27:55,911 : INFO : Shape of Data None
2024-05-20 12:27:55,919 : INFO : Output : [0]
2024-05-20 12:27:55,919 : INFO : End of Prediction
