2024-05-19 19:05:37,655 : INFO : Start of Prediction
2024-05-19 19:05:37,655 : INFO : run_id:2024-05-19_190537_0149f76c48f0a8bc
2024-05-19 19:05:37,655 : INFO : Start of Preprocessing...
2024-05-19 19:05:37,656 : INFO : Start of feature encoding...
2024-05-19 19:05:37,657 : INFO : End of feature encoding...
2024-05-19 19:05:37,657 : INFO : Start of Dropping Columns...
2024-05-19 19:05:37,658 : INFO : End of Dropping Columns...
2024-05-19 19:05:37,658 : INFO : Start of finding missing values...
2024-05-19 19:05:37,658 : INFO : End of finding missing values...
2024-05-19 19:05:37,660 : INFO : Start of building final prediction set...
2024-05-19 19:05:37,663 : INFO : End of building final prediction set...
2024-05-19 19:05:37,663 : INFO : End of Preprocessing...
2024-05-19 19:05:37,663 : INFO : Start of Load Model
2024-05-19 19:05:37,663 : INFO : Model File KMeans loaded
2024-05-19 19:05:37,663 : INFO : End of Load Model
2024-05-19 19:05:37,667 : INFO : clusters loop started
2024-05-19 19:05:37,668 : INFO : Start of finding correct model
2024-05-19 19:05:37,668 : INFO : End of finding correct model
2024-05-19 19:05:37,668 : INFO : Start of Load Model
2024-05-19 19:05:37,668 : INFO : Model File XGBoost1 loaded
2024-05-19 19:05:37,668 : INFO : End of Load Model
2024-05-19 19:05:37,677 : INFO : Shape of Data (1, 9)
2024-05-19 19:05:37,687 : INFO : Shape of Data None
2024-05-19 19:05:37,694 : INFO : Output : [1]
2024-05-19 19:05:37,694 : INFO : End of Prediction
