2024-05-20 12:24:07,085 : INFO : Start of Prediction
2024-05-20 12:24:07,085 : INFO : run_id:2024-05-20_122407_48508304fdfe3d17
2024-05-20 12:24:07,085 : INFO : Start of Preprocessing...
2024-05-20 12:24:07,085 : INFO : Start of feature encoding...
2024-05-20 12:24:07,088 : INFO : End of feature encoding...
2024-05-20 12:24:07,090 : INFO : Start of Dropping Columns...
2024-05-20 12:24:07,093 : INFO : End of Dropping Columns...
2024-05-20 12:24:07,094 : INFO : Start of finding missing values...
2024-05-20 12:24:07,095 : INFO : End of finding missing values...
2024-05-20 12:24:07,095 : INFO : Start of building final prediction set...
2024-05-20 12:24:07,101 : INFO : End of building final prediction set...
2024-05-20 12:24:07,101 : INFO : End of Preprocessing...
2024-05-20 12:24:07,102 : INFO : Start of Load Model
2024-05-20 12:24:07,102 : INFO : Model File KMeans loaded
2024-05-20 12:24:07,102 : INFO : End of Load Model
2024-05-20 12:24:07,283 : INFO : clusters loop started
2024-05-20 12:24:07,284 : INFO : Start of finding correct model
2024-05-20 12:24:07,285 : INFO : End of finding correct model
2024-05-20 12:24:07,285 : INFO : Start of Load Model
2024-05-20 12:24:07,286 : INFO : Model File XGBoost1 loaded
2024-05-20 12:24:07,286 : INFO : End of Load Model
2024-05-20 12:24:07,365 : INFO : Shape of Data (1, 9)
2024-05-20 12:24:07,381 : INFO : Shape of Data None
2024-05-20 12:24:07,390 : INFO : Output : [1]
2024-05-20 12:24:07,390 : INFO : End of Prediction
