2024-05-20 12:18:48,735 : INFO : Start of Prediction
2024-05-20 12:18:48,735 : INFO : run_id:2024-05-20_121848_4c31bd1cb1ecc590
2024-05-20 12:18:48,735 : INFO : Start of Preprocessing...
2024-05-20 12:18:48,736 : INFO : Start of feature encoding...
2024-05-20 12:18:48,737 : INFO : End of feature encoding...
2024-05-20 12:18:48,738 : INFO : Start of Dropping Columns...
2024-05-20 12:18:48,739 : INFO : End of Dropping Columns...
2024-05-20 12:18:48,740 : INFO : Start of finding missing values...
2024-05-20 12:18:48,742 : INFO : End of finding missing values...
2024-05-20 12:18:48,743 : INFO : Start of building final prediction set...
2024-05-20 12:18:48,748 : INFO : End of building final prediction set...
2024-05-20 12:18:48,749 : INFO : End of Preprocessing...
2024-05-20 12:18:48,749 : INFO : Start of Load Model
2024-05-20 12:18:48,749 : INFO : Model File KMeans loaded
2024-05-20 12:18:48,749 : INFO : End of Load Model
2024-05-20 12:18:48,920 : INFO : clusters loop started
2024-05-20 12:18:48,923 : INFO : Start of finding correct model
2024-05-20 12:18:48,925 : INFO : End of finding correct model
2024-05-20 12:18:48,925 : INFO : Start of Load Model
2024-05-20 12:18:48,925 : INFO : Model File XGBoost1 loaded
2024-05-20 12:18:48,925 : INFO : End of Load Model
2024-05-20 12:18:49,033 : INFO : Shape of Data (1, 9)
2024-05-20 12:18:49,053 : INFO : Shape of Data None
2024-05-20 12:18:49,062 : INFO : Output : [1]
2024-05-20 12:18:49,062 : INFO : End of Prediction
