2024-05-19 19:05:36,052 : INFO : Start of Prediction
2024-05-19 19:05:36,052 : INFO : run_id:2024-05-19_190536_27097bc7fad75676
2024-05-19 19:05:36,052 : INFO : Start of Preprocessing...
2024-05-19 19:05:36,052 : INFO : Start of feature encoding...
2024-05-19 19:05:36,054 : INFO : End of feature encoding...
2024-05-19 19:05:36,054 : INFO : Start of Dropping Columns...
2024-05-19 19:05:36,055 : INFO : End of Dropping Columns...
2024-05-19 19:05:36,055 : INFO : Start of finding missing values...
2024-05-19 19:05:36,055 : INFO : End of finding missing values...
2024-05-19 19:05:36,055 : INFO : Start of building final prediction set...
2024-05-19 19:05:36,063 : INFO : End of building final prediction set...
2024-05-19 19:05:36,063 : INFO : End of Preprocessing...
2024-05-19 19:05:36,063 : INFO : Start of Load Model
2024-05-19 19:05:36,069 : INFO : Model File KMeans loaded
2024-05-19 19:05:36,069 : INFO : End of Load Model
2024-05-19 19:05:36,075 : INFO : clusters loop started
2024-05-19 19:05:36,076 : INFO : Start of finding correct model
2024-05-19 19:05:36,076 : INFO : End of finding correct model
2024-05-19 19:05:36,076 : INFO : Start of Load Model
2024-05-19 19:05:36,082 : INFO : Model File XGBoost1 loaded
2024-05-19 19:05:36,082 : INFO : End of Load Model
2024-05-19 19:05:36,091 : INFO : Shape of Data (1, 9)
2024-05-19 19:05:36,101 : INFO : Shape of Data None
2024-05-19 19:05:36,108 : INFO : Output : [1]
2024-05-19 19:05:36,108 : INFO : End of Prediction
