2024-05-20 12:21:28,992 : INFO : Start of Prediction
2024-05-20 12:21:28,992 : INFO : run_id:2024-05-20_122128_85e0d28a5ac1bd98
2024-05-20 12:21:28,992 : INFO : Start of Preprocessing...
2024-05-20 12:21:28,993 : INFO : Start of feature encoding...
2024-05-20 12:21:28,994 : INFO : End of feature encoding...
2024-05-20 12:21:28,995 : INFO : Start of Dropping Columns...
2024-05-20 12:21:28,996 : INFO : End of Dropping Columns...
2024-05-20 12:21:28,996 : INFO : Start of finding missing values...
2024-05-20 12:21:28,998 : INFO : End of finding missing values...
2024-05-20 12:21:28,998 : INFO : Start of building final prediction set...
2024-05-20 12:21:29,007 : INFO : End of building final prediction set...
2024-05-20 12:21:29,007 : INFO : End of Preprocessing...
2024-05-20 12:21:29,007 : INFO : Start of Load Model
2024-05-20 12:21:29,008 : INFO : Model File KMeans loaded
2024-05-20 12:21:29,008 : INFO : End of Load Model
2024-05-20 12:21:29,196 : INFO : clusters loop started
2024-05-20 12:21:29,197 : INFO : Start of finding correct model
2024-05-20 12:21:29,199 : INFO : End of finding correct model
2024-05-20 12:21:29,199 : INFO : Start of Load Model
2024-05-20 12:21:29,208 : INFO : Model File XGBoost2 loaded
2024-05-20 12:21:29,208 : INFO : End of Load Model
2024-05-20 12:21:29,283 : INFO : Shape of Data (1, 9)
2024-05-20 12:21:29,297 : INFO : Shape of Data None
2024-05-20 12:21:29,304 : INFO : Output : [1]
2024-05-20 12:21:29,304 : INFO : End of Prediction
