2024-05-20 12:24:47,269 : INFO : Start of Prediction
2024-05-20 12:24:47,270 : INFO : run_id:2024-05-20_122447_4c180ee36d95cae6
2024-05-20 12:24:47,270 : INFO : Start of Preprocessing...
2024-05-20 12:24:47,270 : INFO : Start of feature encoding...
2024-05-20 12:24:47,271 : INFO : End of feature encoding...
2024-05-20 12:24:47,272 : INFO : Start of Dropping Columns...
2024-05-20 12:24:47,273 : INFO : End of Dropping Columns...
2024-05-20 12:24:47,273 : INFO : Start of finding missing values...
2024-05-20 12:24:47,274 : INFO : End of finding missing values...
2024-05-20 12:24:47,274 : INFO : Start of building final prediction set...
2024-05-20 12:24:47,279 : INFO : End of building final prediction set...
2024-05-20 12:24:47,279 : INFO : End of Preprocessing...
2024-05-20 12:24:47,279 : INFO : Start of Load Model
2024-05-20 12:24:47,280 : INFO : Model File KMeans loaded
2024-05-20 12:24:47,280 : INFO : End of Load Model
2024-05-20 12:24:47,349 : INFO : clusters loop started
2024-05-20 12:24:47,351 : INFO : Start of finding correct model
2024-05-20 12:24:47,351 : INFO : End of finding correct model
2024-05-20 12:24:47,351 : INFO : Start of Load Model
2024-05-20 12:24:47,352 : INFO : Model File XGBoost2 loaded
2024-05-20 12:24:47,352 : INFO : End of Load Model
2024-05-20 12:24:47,357 : INFO : Shape of Data (1, 9)
2024-05-20 12:24:47,373 : INFO : Shape of Data None
2024-05-20 12:24:47,380 : INFO : Output : [0]
2024-05-20 12:24:47,380 : INFO : End of Prediction
