2024-05-19 18:47:32,414 : INFO : Start of Prediction
2024-05-19 18:47:32,414 : INFO : run_id:2024-05-19_184732_24d1d95ae9142a36
2024-05-19 18:47:32,414 : INFO : Start of Preprocessing...
2024-05-19 18:47:32,414 : INFO : Start of feature encoding...
2024-05-19 18:47:32,419 : INFO : End of feature encoding...
2024-05-19 18:47:32,419 : INFO : Start of Dropping Columns...
2024-05-19 18:47:32,422 : INFO : End of Dropping Columns...
2024-05-19 18:47:32,422 : INFO : Start of finding missing values...
2024-05-19 18:47:32,422 : INFO : End of finding missing values...
2024-05-19 18:47:32,422 : INFO : Start of building final prediction set...
2024-05-19 18:47:32,440 : INFO : End of building final prediction set...
2024-05-19 18:47:32,440 : INFO : End of Preprocessing...
2024-05-19 18:47:32,440 : INFO : Start of Load Model
2024-05-19 18:47:32,445 : INFO : Model File KMeans loaded
2024-05-19 18:47:32,445 : INFO : End of Load Model
2024-05-19 18:47:32,555 : INFO : clusters loop started
2024-05-19 18:47:32,556 : INFO : Start of finding correct model
2024-05-19 18:47:32,556 : INFO : End of finding correct model
2024-05-19 18:47:32,556 : INFO : Start of Load Model
2024-05-19 18:47:32,561 : INFO : Model File XGBoost1 loaded
2024-05-19 18:47:32,561 : INFO : End of Load Model
2024-05-19 18:47:32,592 : INFO : Shape of Data (1, 9)
2024-05-19 18:47:32,604 : INFO : Shape of Data None
2024-05-19 18:47:32,614 : INFO : Output : [1]
2024-05-19 18:47:32,615 : INFO : End of Prediction
