2024-05-19 19:05:38,768 : INFO : Start of Prediction
2024-05-19 19:05:38,769 : INFO : run_id:2024-05-19_190538_b90fe94bb026ffd3
2024-05-19 19:05:38,769 : INFO : Start of Preprocessing...
2024-05-19 19:05:38,769 : INFO : Start of feature encoding...
2024-05-19 19:05:38,770 : INFO : End of feature encoding...
2024-05-19 19:05:38,772 : INFO : Start of Dropping Columns...
2024-05-19 19:05:38,773 : INFO : End of Dropping Columns...
2024-05-19 19:05:38,773 : INFO : Start of finding missing values...
2024-05-19 19:05:38,774 : INFO : End of finding missing values...
2024-05-19 19:05:38,775 : INFO : Start of building final prediction set...
2024-05-19 19:05:38,779 : INFO : End of building final prediction set...
2024-05-19 19:05:38,779 : INFO : End of Preprocessing...
2024-05-19 19:05:38,779 : INFO : Start of Load Model
2024-05-19 19:05:38,779 : INFO : Model File KMeans loaded
2024-05-19 19:05:38,779 : INFO : End of Load Model
2024-05-19 19:05:38,785 : INFO : clusters loop started
2024-05-19 19:05:38,787 : INFO : Start of finding correct model
2024-05-19 19:05:38,787 : INFO : End of finding correct model
2024-05-19 19:05:38,787 : INFO : Start of Load Model
2024-05-19 19:05:38,787 : INFO : Model File XGBoost1 loaded
2024-05-19 19:05:38,787 : INFO : End of Load Model
2024-05-19 19:05:38,796 : INFO : Shape of Data (1, 9)
2024-05-19 19:05:38,809 : INFO : Shape of Data None
2024-05-19 19:05:38,815 : INFO : Output : [1]
2024-05-19 19:05:38,816 : INFO : End of Prediction
